[0405/161936.868:ERROR:process_reader_win.cc(142)] SuspendThread: 拒绝访问。 (0x5)
[0405/161936.868:ERROR:process_reader_win.cc(142)] SuspendThread: 拒绝访问。 (0x5)
[0405/161936.868:ERROR:process_info.cc(608)] range at 0xff019000, size 0x230 fully unreadable
[0405/161936.881:ERROR:process_info.cc(608)] range at 0xff01e000, size 0xf84 fully unreadable
[0405/161937.067:ERROR:scoped_process_suspend.cc(38)] NtResumeProcess: 已尝试访问正在退出的过程。  (0xc000010a)
[0405/162109.225:ERROR:http_transport_win.cc(50)] WinHttpSendRequest: 操作超时  (0x2EE2)
[0405/164329.933:ERROR:process_info.cc(608)] range at 0xfe6c9000, size 0x230 fully unreadable
[0405/164329.937:ERROR:process_info.cc(608)] range at 0xfe6cf000, size 0xf84 fully unreadable
[0405/164330.315:ERROR:process_reader_win.cc(233)] ReadMemory at 0x4ef5000 of 45056 bytes failed: 仅完成部分的 ReadProcessMemory 或 WriteProcessMemory 请求。 (0x12B)
[0405/164330.316:ERROR:crash_report_exception_handler.cc(111)] WriteEverything failed
[0405/164330.325:ERROR:scoped_process_suspend.cc(38)] NtResumeProcess: 已尝试访问正在退出的过程。  (0xc000010a)
[0405/224523.303:ERROR:process_info.cc(608)] range at 0xfef44000, size 0x230 fully unreadable
[0405/224523.518:ERROR:process_info.cc(608)] range at 0xfe68b000, size 0x230 fully unreadable
[0405/224524.741:ERROR:process_info.cc(608)] range at 0xfe68f000, size 0xf84 fully unreadable
[0405/224524.905:ERROR:process_info.cc(608)] range at 0xfef4f000, size 0xf84 fully unreadable
[0405/224525.693:ERROR:process_info.cc(608)] range at 0xff8dc000, size 0x230 fully unreadable
[0405/224525.748:ERROR:process_info.cc(608)] range at 0xff496000, size 0x230 fully unreadable
[0405/224525.754:ERROR:process_info.cc(608)] range at 0xfe54c000, size 0x230 fully unreadable
[0405/224525.790:ERROR:process_info.cc(608)] range at 0xff49f000, size 0xf84 fully unreadable
[0405/224525.794:ERROR:process_info.cc(608)] range at 0xff8db000, size 0xf84 fully unreadable
[0405/224525.797:ERROR:process_info.cc(608)] range at 0xfe54f000, size 0xf84 fully unreadable
